\BOOKMARK [0][-]{chapter.1}{\376\377\0001\000\040\000N\000a\000m\000e\000s\000p\000a\000c\000e\000\040\000I\000n\000d\000e\000x}{}% 1
\BOOKMARK [1][-]{section.1.1}{\376\377\0001\000.\0001\000\040\000N\000a\000m\000e\000s\000p\000a\000c\000e\000\040\000L\000i\000s\000t}{chapter.1}% 2
\BOOKMARK [0][-]{chapter.2}{\376\377\0002\000\040\000F\000i\000l\000e\000\040\000I\000n\000d\000e\000x}{}% 3
\BOOKMARK [1][-]{section.2.1}{\376\377\0002\000.\0001\000\040\000F\000i\000l\000e\000\040\000L\000i\000s\000t}{chapter.2}% 4
\BOOKMARK [0][-]{chapter.3}{\376\377\0003\000\040\000N\000a\000m\000e\000s\000p\000a\000c\000e\000\040\000D\000o\000c\000u\000m\000e\000n\000t\000a\000t\000i\000o\000n}{}% 5
\BOOKMARK [1][-]{section.3.1}{\376\377\0003\000.\0001\000\040\000k\000e\000y\000\137\000g\000e\000n\000e\000r\000a\000t\000i\000o\000n\000\137\000m\000a\000i\000n\000\040\000N\000a\000m\000e\000s\000p\000a\000c\000e\000\040\000R\000e\000f\000e\000r\000e\000n\000c\000e}{chapter.3}% 6
\BOOKMARK [2][-]{subsection.3.1.1}{\376\377\0003\000.\0001\000.\0001\000\040\000F\000u\000n\000c\000t\000i\000o\000n\000\040\000D\000o\000c\000u\000m\000e\000n\000t\000a\000t\000i\000o\000n}{section.3.1}% 7
\BOOKMARK [3][-]{subsubsection.3.1.1.1}{\376\377\0003\000.\0001\000.\0001\000.\0001\000\040\000e\000n\000c\000r\000y\000p\000t\000\137\000p\000r\000i\000v\000a\000t\000e\000\137\000k\000e\000y\000\050\000\051}{subsection.3.1.1}% 8
\BOOKMARK [3][-]{subsubsection.3.1.1.2}{\376\377\0003\000.\0001\000.\0001\000.\0002\000\040\000g\000e\000n\000e\000r\000a\000t\000e\000\137\000a\000e\000s\000\137\000k\000e\000y\000\050\000\051}{subsection.3.1.1}% 9
\BOOKMARK [3][-]{subsubsection.3.1.1.3}{\376\377\0003\000.\0001\000.\0001\000.\0003\000\040\000g\000e\000n\000e\000r\000a\000t\000e\000\137\000k\000e\000y\000s\000\050\000\051}{subsection.3.1.1}% 10
\BOOKMARK [3][-]{subsubsection.3.1.1.4}{\376\377\0003\000.\0001\000.\0001\000.\0004\000\040\000g\000e\000n\000e\000r\000a\000t\000e\000\137\000r\000s\000a\000\137\000k\000e\000y\000s\000\050\000\051}{subsection.3.1.1}% 11
\BOOKMARK [3][-]{subsubsection.3.1.1.5}{\376\377\0003\000.\0001\000.\0001\000.\0005\000\040\000s\000a\000v\000e\000\137\000p\000r\000i\000v\000a\000t\000e\000\050\000\051}{subsection.3.1.1}% 12
\BOOKMARK [3][-]{subsubsection.3.1.1.6}{\376\377\0003\000.\0001\000.\0001\000.\0006\000\040\000s\000a\000v\000e\000\137\000p\000u\000b\000l\000i\000c\000\050\000\051}{subsection.3.1.1}% 13
\BOOKMARK [3][-]{subsubsection.3.1.1.7}{\376\377\0003\000.\0001\000.\0001\000.\0007\000\040\000u\000p\000d\000a\000t\000e\000\137\000t\000a\000s\000k\000\137\000p\000r\000o\000g\000r\000e\000s\000s\000\050\000\051}{subsection.3.1.1}% 14
\BOOKMARK [2][-]{subsection.3.1.2}{\376\377\0003\000.\0001\000.\0002\000\040\000V\000a\000r\000i\000a\000b\000l\000e\000\040\000D\000o\000c\000u\000m\000e\000n\000t\000a\000t\000i\000o\000n}{section.3.1}% 15
\BOOKMARK [3][-]{subsubsection.3.1.2.1}{\376\377\0003\000.\0001\000.\0002\000.\0001\000\040\000a\000e\000s\000\137\000m\000o\000d\000e}{subsection.3.1.2}% 16
\BOOKMARK [3][-]{subsubsection.3.1.2.2}{\376\377\0003\000.\0001\000.\0002\000.\0002\000\040\000b\000a\000c\000k\000g\000r\000o\000u\000n\000d}{subsection.3.1.2}% 17
\BOOKMARK [3][-]{subsubsection.3.1.2.3}{\376\377\0003\000.\0001\000.\0002\000.\0003\000\040\000c\000o\000l\000u\000m\000n}{subsection.3.1.2}% 18
\BOOKMARK [3][-]{subsubsection.3.1.2.4}{\376\377\0003\000.\0001\000.\0002\000.\0004\000\040\000c\000o\000l\000u\000m\000n\000s\000p\000a\000n}{subsection.3.1.2}% 19
\BOOKMARK [3][-]{subsubsection.3.1.2.5}{\376\377\0003\000.\0001\000.\0002\000.\0005\000\040\000f\000o\000n\000t}{subsection.3.1.2}% 20
\BOOKMARK [3][-]{subsubsection.3.1.2.6}{\376\377\0003\000.\0001\000.\0002\000.\0006\000\040\000g\000e\000n\000\137\000b\000u\000t\000t\000o\000n}{subsection.3.1.2}% 21
\BOOKMARK [3][-]{subsubsection.3.1.2.7}{\376\377\0003\000.\0001\000.\0002\000.\0007\000\040\000m\000a\000i\000n\000\137\000w\000i\000n\000d\000o\000w}{subsection.3.1.2}% 22
\BOOKMARK [3][-]{subsubsection.3.1.2.8}{\376\377\0003\000.\0001\000.\0002\000.\0008\000\040\000p\000a\000d\000d\000i\000n\000g}{subsection.3.1.2}% 23
\BOOKMARK [3][-]{subsubsection.3.1.2.9}{\376\377\0003\000.\0001\000.\0002\000.\0009\000\040\000p\000a\000d\000x}{subsection.3.1.2}% 24
\BOOKMARK [3][-]{subsubsection.3.1.2.10}{\376\377\0003\000.\0001\000.\0002\000.\0001\0000\000\040\000p\000a\000d\000y}{subsection.3.1.2}% 25
\BOOKMARK [3][-]{subsubsection.3.1.2.11}{\376\377\0003\000.\0001\000.\0002\000.\0001\0001\000\040\000p\000a\000s\000s\000p\000h\000r\000a\000s\000e\000\137\000e\000n\000t\000r\000y}{subsection.3.1.2}% 26
\BOOKMARK [3][-]{subsubsection.3.1.2.12}{\376\377\0003\000.\0001\000.\0002\000.\0001\0002\000\040\000p\000r\000o\000g\000r\000e\000s\000s\000\137\000b\000a\000r}{subsection.3.1.2}% 27
\BOOKMARK [3][-]{subsubsection.3.1.2.13}{\376\377\0003\000.\0001\000.\0002\000.\0001\0003\000\040\000r\000o\000w}{subsection.3.1.2}% 28
\BOOKMARK [3][-]{subsubsection.3.1.2.14}{\376\377\0003\000.\0001\000.\0002\000.\0001\0004\000\040\000r\000s\000a\000\137\000b\000i\000t\000s}{subsection.3.1.2}% 29
\BOOKMARK [3][-]{subsubsection.3.1.2.15}{\376\377\0003\000.\0001\000.\0002\000.\0001\0005\000\040\000s\000a\000v\000e\000\137\000p\000r\000i\000v\000a\000t\000e\000\137\000b\000u\000t\000t\000o\000n}{subsection.3.1.2}% 30
\BOOKMARK [3][-]{subsubsection.3.1.2.16}{\376\377\0003\000.\0001\000.\0002\000.\0001\0006\000\040\000s\000a\000v\000e\000\137\000p\000u\000b\000l\000i\000c\000\137\000b\000u\000t\000t\000o\000n}{subsection.3.1.2}% 31
\BOOKMARK [3][-]{subsubsection.3.1.2.17}{\376\377\0003\000.\0001\000.\0002\000.\0001\0007\000\040\000s\000t\000a\000t\000u\000s\000\137\000l\000a\000b\000e\000l}{subsection.3.1.2}% 32
\BOOKMARK [3][-]{subsubsection.3.1.2.18}{\376\377\0003\000.\0001\000.\0002\000.\0001\0008\000\040\000s\000t\000i\000c\000k\000y}{subsection.3.1.2}% 33
\BOOKMARK [3][-]{subsubsection.3.1.2.19}{\376\377\0003\000.\0001\000.\0002\000.\0001\0009\000\040\000s\000t\000y\000l\000e}{subsection.3.1.2}% 34
\BOOKMARK [3][-]{subsubsection.3.1.2.20}{\376\377\0003\000.\0001\000.\0002\000.\0002\0000\000\040\000t\000e\000x\000t}{subsection.3.1.2}% 35
\BOOKMARK [3][-]{subsubsection.3.1.2.21}{\376\377\0003\000.\0001\000.\0002\000.\0002\0001\000\040\000t\000h\000i\000c\000k\000n\000e\000s\000s}{subsection.3.1.2}% 36
\BOOKMARK [3][-]{subsubsection.3.1.2.22}{\376\377\0003\000.\0001\000.\0002\000.\0002\0002\000\040\000w\000e\000i\000g\000h\000t}{subsection.3.1.2}% 37
\BOOKMARK [1][-]{section.3.2}{\376\377\0003\000.\0002\000\040\000s\000i\000g\000n\000i\000n\000g\000\137\000a\000p\000p\000\137\000m\000a\000i\000n\000\040\000N\000a\000m\000e\000s\000p\000a\000c\000e\000\040\000R\000e\000f\000e\000r\000e\000n\000c\000e}{chapter.3}% 38
\BOOKMARK [2][-]{subsection.3.2.1}{\376\377\0003\000.\0002\000.\0001\000\040\000F\000u\000n\000c\000t\000i\000o\000n\000\040\000D\000o\000c\000u\000m\000e\000n\000t\000a\000t\000i\000o\000n}{section.3.2}% 39
\BOOKMARK [3][-]{subsubsection.3.2.1.1}{\376\377\0003\000.\0002\000.\0001\000.\0001\000\040\000a\000d\000j\000u\000s\000t\000\137\000m\000e\000t\000a\000d\000a\000t\000a\000\050\000\051}{subsection.3.2.1}% 40
\BOOKMARK [3][-]{subsubsection.3.2.1.2}{\376\377\0003\000.\0002\000.\0001\000.\0002\000\040\000c\000h\000e\000c\000k\000\137\000s\000i\000g\000n\000a\000t\000u\000r\000e\000\050\000\051}{subsection.3.2.1}% 41
\BOOKMARK [3][-]{subsubsection.3.2.1.3}{\376\377\0003\000.\0002\000.\0001\000.\0003\000\040\000d\000e\000c\000r\000y\000p\000t\000\137\000p\000r\000i\000v\000a\000t\000e\000\137\000k\000e\000y\000\050\000\051}{subsection.3.2.1}% 42
\BOOKMARK [3][-]{subsubsection.3.2.1.4}{\376\377\0003\000.\0002\000.\0001\000.\0004\000\040\000d\000e\000t\000e\000c\000t\000\137\000p\000e\000n\000d\000r\000i\000v\000e\000\050\000\051}{subsection.3.2.1}% 43
\BOOKMARK [3][-]{subsubsection.3.2.1.5}{\376\377\0003\000.\0002\000.\0001\000.\0005\000\040\000s\000e\000l\000e\000c\000t\000\137\000p\000d\000f\000\137\000t\000o\000\137\000s\000i\000g\000n\000\050\000\051}{subsection.3.2.1}% 44
\BOOKMARK [3][-]{subsubsection.3.2.1.6}{\376\377\0003\000.\0002\000.\0001\000.\0006\000\040\000s\000e\000l\000e\000c\000t\000\137\000p\000r\000i\000v\000a\000t\000e\000\137\000k\000e\000y\000\050\000\051}{subsection.3.2.1}% 45
\BOOKMARK [3][-]{subsubsection.3.2.1.7}{\376\377\0003\000.\0002\000.\0001\000.\0007\000\040\000s\000i\000g\000n\000\137\000p\000d\000f\000\050\000\051}{subsection.3.2.1}% 46
\BOOKMARK [3][-]{subsubsection.3.2.1.8}{\376\377\0003\000.\0002\000.\0001\000.\0008\000\040\000v\000e\000r\000i\000f\000y\000\137\000s\000i\000g\000n\000a\000t\000u\000r\000e\000\050\000\051}{subsection.3.2.1}% 47
\BOOKMARK [2][-]{subsection.3.2.2}{\376\377\0003\000.\0002\000.\0002\000\040\000V\000a\000r\000i\000a\000b\000l\000e\000\040\000D\000o\000c\000u\000m\000e\000n\000t\000a\000t\000i\000o\000n}{section.3.2}% 48
\BOOKMARK [3][-]{subsubsection.3.2.2.1}{\376\377\0003\000.\0002\000.\0002\000.\0001\000\040\000a\000e\000s\000\137\000m\000o\000d\000e}{subsection.3.2.2}% 49
\BOOKMARK [3][-]{subsubsection.3.2.2.2}{\376\377\0003\000.\0002\000.\0002\000.\0002\000\040\000a\000n\000c\000h\000o\000r}{subsection.3.2.2}% 50
\BOOKMARK [3][-]{subsubsection.3.2.2.3}{\376\377\0003\000.\0002\000.\0002\000.\0003\000\040\000b\000a\000c\000k\000g\000r\000o\000u\000n\000d}{subsection.3.2.2}% 51
\BOOKMARK [3][-]{subsubsection.3.2.2.4}{\376\377\0003\000.\0002\000.\0002\000.\0004\000\040\000b\000g}{subsection.3.2.2}% 52
\BOOKMARK [3][-]{subsubsection.3.2.2.5}{\376\377\0003\000.\0002\000.\0002\000.\0005\000\040\000c\000h\000e\000c\000k\000\137\000s\000i\000g\000n\000a\000t\000u\000r\000e\000\137\000b\000u\000t\000t\000o\000n}{subsection.3.2.2}% 53
\BOOKMARK [3][-]{subsubsection.3.2.2.6}{\376\377\0003\000.\0002\000.\0002\000.\0006\000\040\000c\000o\000l\000u\000m\000n}{subsection.3.2.2}% 54
\BOOKMARK [3][-]{subsubsection.3.2.2.7}{\376\377\0003\000.\0002\000.\0002\000.\0007\000\040\000f\000o\000n\000t}{subsection.3.2.2}% 55
\BOOKMARK [3][-]{subsubsection.3.2.2.8}{\376\377\0003\000.\0002\000.\0002\000.\0008\000\040\000f\000r\000a\000m\000e}{subsection.3.2.2}% 56
\BOOKMARK [3][-]{subsubsection.3.2.2.9}{\376\377\0003\000.\0002\000.\0002\000.\0009\000\040\000m\000a\000i\000n\000\137\000w\000i\000n\000d\000o\000w}{subsection.3.2.2}% 57
\BOOKMARK [3][-]{subsubsection.3.2.2.10}{\376\377\0003\000.\0002\000.\0002\000.\0001\0000\000\040\000M\000A\000N\000U\000A\000L\000\137\000K\000E\000Y\000\137\000S\000E\000L\000E\000C\000T\000I\000O\000N}{subsection.3.2.2}% 58
\BOOKMARK [3][-]{subsubsection.3.2.2.11}{\376\377\0003\000.\0002\000.\0002\000.\0001\0001\000\040\000p\000a\000d\000d\000i\000n\000g}{subsection.3.2.2}% 59
\BOOKMARK [3][-]{subsubsection.3.2.2.12}{\376\377\0003\000.\0002\000.\0002\000.\0001\0002\000\040\000p\000a\000d\000x}{subsection.3.2.2}% 60
\BOOKMARK [3][-]{subsubsection.3.2.2.13}{\376\377\0003\000.\0002\000.\0002\000.\0001\0003\000\040\000p\000a\000d\000y}{subsection.3.2.2}% 61
\BOOKMARK [3][-]{subsubsection.3.2.2.14}{\376\377\0003\000.\0002\000.\0002\000.\0001\0004\000\040\000P\000R\000I\000V\000A\000T\000E\000\137\000K\000E\000Y}{subsection.3.2.2}% 62
\BOOKMARK [3][-]{subsubsection.3.2.2.15}{\376\377\0003\000.\0002\000.\0002\000.\0001\0005\000\040\000r\000e\000l\000x}{subsection.3.2.2}% 63
\BOOKMARK [3][-]{subsubsection.3.2.2.16}{\376\377\0003\000.\0002\000.\0002\000.\0001\0006\000\040\000r\000e\000l\000y}{subsection.3.2.2}% 64
\BOOKMARK [3][-]{subsubsection.3.2.2.17}{\376\377\0003\000.\0002\000.\0002\000.\0001\0007\000\040\000r\000o\000w}{subsection.3.2.2}% 65
\BOOKMARK [3][-]{subsubsection.3.2.2.18}{\376\377\0003\000.\0002\000.\0002\000.\0001\0008\000\040\000s\000e\000l\000e\000c\000t\000\137\000k\000e\000y\000\137\000b\000u\000t\000t\000o\000n}{subsection.3.2.2}% 66
\BOOKMARK [3][-]{subsubsection.3.2.2.19}{\376\377\0003\000.\0002\000.\0002\000.\0001\0009\000\040\000s\000i\000g\000n\000\137\000p\000d\000f\000\137\000b\000u\000t\000t\000o\000n}{subsection.3.2.2}% 67
\BOOKMARK [3][-]{subsubsection.3.2.2.20}{\376\377\0003\000.\0002\000.\0002\000.\0002\0000\000\040\000s\000t\000i\000c\000k\000y}{subsection.3.2.2}% 68
\BOOKMARK [3][-]{subsubsection.3.2.2.21}{\376\377\0003\000.\0002\000.\0002\000.\0002\0001\000\040\000s\000t\000y\000l\000e}{subsection.3.2.2}% 69
\BOOKMARK [3][-]{subsubsection.3.2.2.22}{\376\377\0003\000.\0002\000.\0002\000.\0002\0002\000\040\000u\000s\000b\000\137\000s\000t\000a\000t\000u\000s\000\137\000l\000a\000b\000e\000l}{subsection.3.2.2}% 70
\BOOKMARK [3][-]{subsubsection.3.2.2.23}{\376\377\0003\000.\0002\000.\0002\000.\0002\0003\000\040\000u\000s\000b\000\137\000t\000h\000r\000e\000a\000d}{subsection.3.2.2}% 71
\BOOKMARK [3][-]{subsubsection.3.2.2.24}{\376\377\0003\000.\0002\000.\0002\000.\0002\0004\000\040\000w\000e\000i\000g\000h\000t}{subsection.3.2.2}% 72
\BOOKMARK [0][-]{chapter.4}{\376\377\0004\000\040\000F\000i\000l\000e\000\040\000D\000o\000c\000u\000m\000e\000n\000t\000a\000t\000i\000o\000n}{}% 73
\BOOKMARK [1][-]{section.4.1}{\376\377\0004\000.\0001\000\040\000k\000e\000y\000\137\000g\000e\000n\000e\000r\000a\000t\000i\000o\000n\000\137\000a\000p\000p\000/\000k\000e\000y\000\137\000g\000e\000n\000e\000r\000a\000t\000i\000o\000n\000\137\000m\000a\000i\000n\000.\000p\000y\000\040\000F\000i\000l\000e\000\040\000R\000e\000f\000e\000r\000e\000n\000c\000e}{chapter.4}% 74
\BOOKMARK [2][-]{subsection.4.1.1}{\376\377\0004\000.\0001\000.\0001\000\040\000D\000e\000t\000a\000i\000l\000e\000d\000\040\000D\000e\000s\000c\000r\000i\000p\000t\000i\000o\000n}{section.4.1}% 75
\BOOKMARK [1][-]{section.4.2}{\376\377\0004\000.\0002\000\040\000s\000i\000g\000n\000i\000n\000g\000\137\000a\000p\000p\000/\000s\000i\000g\000n\000i\000n\000g\000\137\000a\000p\000p\000\137\000m\000a\000i\000n\000.\000p\000y\000\040\000F\000i\000l\000e\000\040\000R\000e\000f\000e\000r\000e\000n\000c\000e}{chapter.4}% 76
\BOOKMARK [0][-]{section*.11}{\376\377\000I\000n\000d\000e\000x}{}% 77
